{
  "RSpec": {
    "coverage": {
      "/Users/apprentice/Devs4Good/app/models/user.rb": [
        1,
        null,
        1,
        null,
        1,
        17,
        1,
        1,
        16,
        1,
        16,
        1,
        null,
        1,
        null,
        1,
        0,
        null,
        null
      ],
      "/Users/apprentice/Devs4Good/app/models/application_record.rb": [
        1,
        1,
        null
      ],
      "/Users/apprentice/Devs4Good/app/helpers/application_helper.rb": [
        1,
        null
      ],
      "/Users/apprentice/Devs4Good/app/controllers/proposals_controller.rb": [
        1,
        1,
        0,
        0,
        null,
        null,
        1,
        5,
        5,
        5,
        3,
        null,
        2,
        null,
        null,
        null,
        1,
        null,
        null,
        1,
        3,
        3,
        3,
        3,
        null,
        null,
        null,
        null,
        0,
        0,
        null,
        0,
        null,
        null,
        null,
        null,
        1,
        null,
        null,
        1,
        1,
        16,
        null,
        null
      ],
      "/Users/apprentice/Devs4Good/app/controllers/application_controller.rb": [
        1,
        1,
        null,
        1,
        null,
        1,
        0,
        null,
        null
      ],
      "/Users/apprentice/Devs4Good/app/models/project.rb": [
        1,
        1,
        null,
        1,
        1,
        null,
        1,
        0,
        null,
        null
      ],
      "/Users/apprentice/Devs4Good/app/models/proposal.rb": [
        1,
        1,
        1,
        null,
        1,
        null
      ],
      "/Users/apprentice/Devs4Good/app/channels/application_cable/channel.rb": [
        0,
        0,
        0,
        0
      ],
      "/Users/apprentice/Devs4Good/app/channels/application_cable/connection.rb": [
        0,
        0,
        0,
        0
      ],
      "/Users/apprentice/Devs4Good/app/controllers/home_controller.rb": [
        0,
        0
      ],
      "/Users/apprentice/Devs4Good/app/controllers/projects_controller.rb": [
        0,
        0,
        0,
        0,
        0,
        0,
        0,
        0,
        0,
        0,
        0,
        0,
        0,
        0,
        0,
        0,
        0,
        0,
        0,
        0,
        0,
        0,
        0,
        0,
        0,
        0,
        0,
        0,
        0,
        0,
        0,
        0,
        0,
        0,
        0,
        0,
        0,
        0,
        0,
        0,
        0,
        0,
        0,
        0,
        0,
        0,
        0,
        0,
        0,
        0,
        0,
        0,
        0,
        0,
        0,
        0,
        0,
        0,
        0,
        0,
        0,
        0,
        0,
        0,
        0,
        0,
        0
      ],
      "/Users/apprentice/Devs4Good/app/controllers/sessions_controller.rb": [
        0,
        0,
        0,
        0,
        0,
        0,
        0,
        0,
        0,
        0,
        0,
        0,
        0,
        0,
        0,
        0,
        0,
        0,
        0,
        0,
        0,
        0,
        0,
        0,
        0
      ],
      "/Users/apprentice/Devs4Good/app/controllers/users_controller.rb": [
        0,
        0,
        0,
        0,
        0,
        0,
        0,
        0,
        0,
        0,
        0,
        0,
        0,
        0,
        0,
        0,
        0,
        0,
        0,
        0,
        0,
        0,
        0,
        0,
        0,
        0,
        0,
        0,
        0,
        0,
        0,
        0,
        0,
        0,
        0,
        0,
        0,
        0,
        0,
        0,
        0,
        0,
        0,
        0,
        0,
        0
      ],
      "/Users/apprentice/Devs4Good/app/jobs/application_job.rb": [
        0,
        0
      ],
      "/Users/apprentice/Devs4Good/app/mailers/application_mailer.rb": [
        0,
        0,
        0,
        0
      ]
    },
    "timestamp": 1501375143
  }
}
